
> saas-local-business-lead@0.1.0 dev
> next dev

▲ Next.js 16.2.3 (Turbopack)
- Local:         http://localhost:3000
- Network:       http://172.24.64.1:3000
- Environments: .env.local
✓ Ready in 384ms
- Experiments (use with caution):
  · serverActions

 GET /api/leads 200 in 370ms (next.js: 268ms, application-code: 102ms)
 GET /api/leads 200 in 18ms (next.js: 5ms, application-code: 14ms)
 GET /api/leads?limit=10&offset=0 200 in 12ms (next.js: 3ms, application-code: 9ms)
 GET /api/leads?limit=invalid 200 in 12ms (next.js: 3ms, application-code: 10ms)
 GET /api/leads?limit=1000 200 in 12ms (next.js: 3ms, application-code: 9ms)
 DELETE /api/leads 400 in 8ms (next.js: 3ms, application-code: 6ms)
 DELETE /api/leads?id=999999 200 in 18ms (next.js: 2ms, application-code: 16ms)
 GET /api/health 200 in 56ms (next.js: 49ms, application-code: 7ms)
 GET /api/ping 200 in 66ms (next.js: 58ms, application-code: 8ms)
 GET /api/search?q=restaurant+Jakarta 405 in 445ms (next.js: 438ms, application-code: 7ms)
 GET /api/search?q=restaurant 405 in 9ms (next.js: 3ms, application-code: 6ms)
 POST /api/search 400 in 14ms (next.js: 2ms, application-code: 12ms)
[maps] Attempt 1/3: Searching "restaurant" in "Jakarta" 
[maps] Navigating to: https://www.google.com/maps/search/restaurant%20Jakarta 
[maps] Found 20 businesses 
 POST /api/search 200 in 34.4s (next.js: 3ms, application-code: 34.3s)
 GET /api/export?format=csv 200 in 166ms (next.js: 149ms, application-code: 17ms)
 POST /api/enrich 400 in 162ms (next.js: 155ms, application-code: 8ms)
 GET /api/outreach 405 in 121ms (next.js: 117ms, application-code: 4ms)
 POST /api/score 200 in 47ms (next.js: 41ms, application-code: 6ms)
 POST /api/deep-enrich 400 in 334ms (next.js: 325ms, application-code: 9ms)
 POST /api/deep-enrich 200 in 5.5s (next.js: 1923µs, application-code: 5.5s)
 GET /api/health 200 in 7ms (next.js: 3ms, application-code: 4ms)
 GET /api/ping 200 in 6ms (next.js: 2ms, application-code: 3ms)
 GET /api/leads 200 in 12ms (next.js: 1927µs, application-code: 10ms)
 GET /api/leads?limit=5 200 in 9ms (next.js: 1779µs, application-code: 7ms)
 DELETE /api/leads 400 in 6ms (next.js: 1743µs, application-code: 4ms)
 POST /api/search 400 in 6ms (next.js: 1882µs, application-code: 4ms)
 POST /api/search 400 in 5ms (next.js: 2ms, application-code: 3ms)
 GET /api/export?format=csv 200 in 10ms (next.js: 2ms, application-code: 8ms)
 POST /api/score 200 in 6ms (next.js: 2ms, application-code: 4ms)
 POST /api/enrich 400 in 6ms (next.js: 1861µs, application-code: 4ms)
 POST /api/deep-enrich 400 in 8ms (next.js: 1856µs, application-code: 6ms)
 POST /api/deep-enrich 400 in 8ms (next.js: 1491µs, application-code: 6ms)
[maps] Attempt 1/3: Searching "restaurant" in "Jakarta" 
[maps] Navigating to: https://www.google.com/maps/search/restaurant%20Jakarta 
[maps] Found 5 businesses 
 POST /api/search 200 in 8.8s (next.js: 2ms, application-code: 8.8s)
 POST /api/deep-enrich 404 in 13ms (next.js: 2ms, application-code: 11ms)
 GET /api/leads 200 in 10ms (next.js: 1780µs, application-code: 9ms)
 GET /api/leads 200 in 9ms (next.js: 2ms, application-code: 7ms)
 POST /api/deep-enrich 200 in 12ms (next.js: 1575µs, application-code: 11ms)
 GET /api/health 200 in 4ms (next.js: 1642µs, application-code: 3ms)
 GET /api/ping 200 in 5ms (next.js: 1920µs, application-code: 3ms)
 GET /api/leads 200 in 9ms (next.js: 1437µs, application-code: 7ms)
 GET /api/leads?limit=5 200 in 10ms (next.js: 1926µs, application-code: 8ms)
 DELETE /api/leads 400 in 5ms (next.js: 1862µs, application-code: 3ms)
 POST /api/search 400 in 6ms (next.js: 1914µs, application-code: 5ms)
 POST /api/search 400 in 5ms (next.js: 2ms, application-code: 3ms)
 GET /api/export?format=csv 200 in 13ms (next.js: 1944µs, application-code: 11ms)
 POST /api/score 200 in 6ms (next.js: 2ms, application-code: 4ms)
 POST /api/enrich 400 in 5ms (next.js: 2ms, application-code: 3ms)
 POST /api/deep-enrich 400 in 8ms (next.js: 2ms, application-code: 6ms)
 POST /api/deep-enrich 400 in 9ms (next.js: 1775µs, application-code: 7ms)
 GET /api/health 200 in 5ms (next.js: 1746µs, application-code: 3ms)
 GET /api/ping 200 in 5ms (next.js: 1813µs, application-code: 3ms)
 GET /api/leads 200 in 10ms (next.js: 2ms, application-code: 8ms)
 GET /api/leads?limit=5 200 in 8ms (next.js: 1838µs, application-code: 6ms)
 DELETE /api/leads 400 in 5ms (next.js: 1829µs, application-code: 3ms)
 POST /api/search 400 in 5ms (next.js: 1668µs, application-code: 3ms)
 POST /api/search 400 in 5ms (next.js: 1540µs, application-code: 4ms)
 GET /api/export?format=csv 200 in 10ms (next.js: 1574µs, application-code: 8ms)
 POST /api/score 200 in 4ms (next.js: 1590µs, application-code: 3ms)
 POST /api/enrich 400 in 4ms (next.js: 1279µs, application-code: 3ms)
 POST /api/deep-enrich 400 in 7ms (next.js: 1443µs, application-code: 6ms)
 POST /api/deep-enrich 400 in 7ms (next.js: 1346µs, application-code: 6ms)
 GET /api/health 200 in 4ms (next.js: 1861µs, application-code: 2ms)
 GET /api/health 200 in 4ms (next.js: 1917µs, application-code: 3ms)
 GET /api/ping 200 in 4ms (next.js: 1510µs, application-code: 2ms)
 GET /api/leads 200 in 9ms (next.js: 1921µs, application-code: 7ms)
 GET /api/leads?limit=5 200 in 7ms (next.js: 1612µs, application-code: 6ms)
 DELETE /api/leads 400 in 4ms (next.js: 1563µs, application-code: 2ms)
 POST /api/search 400 in 6ms (next.js: 3ms, application-code: 3ms)
 POST /api/search 400 in 6ms (next.js: 2ms, application-code: 4ms)
 GET /api/export?format=csv 200 in 12ms (next.js: 1654µs, application-code: 11ms)
 POST /api/score 200 in 5ms (next.js: 1696µs, application-code: 3ms)
 POST /api/enrich 400 in 4ms (next.js: 1524µs, application-code: 3ms)
 POST /api/deep-enrich 400 in 8ms (next.js: 1699µs, application-code: 6ms)
 POST /api/deep-enrich 400 in 9ms (next.js: 2ms, application-code: 7ms)
 GET /api/health 200 in 7ms (next.js: 2ms, application-code: 4ms)
 GET /api/ping 200 in 6ms (next.js: 2ms, application-code: 4ms)
 GET /api/leads 200 in 11ms (next.js: 1882µs, application-code: 9ms)
 GET /api/leads?limit=5 200 in 9ms (next.js: 1963µs, application-code: 7ms)
 DELETE /api/leads 400 in 6ms (next.js: 1910µs, application-code: 4ms)
 POST /api/search 400 in 6ms (next.js: 2ms, application-code: 4ms)
[maps] Attempt 1/3: Searching "restaurant" in "Jakarta" 
[maps] Navigating to: https://www.google.com/maps/search/restaurant%20Jakarta 
[maps] Found 5 businesses 
 POST /api/search 200 in 10.8s (next.js: 2ms, application-code: 10.7s)
 GET /api/export?format=csv 200 in 13ms (next.js: 2ms, application-code: 11ms)
 POST /api/score 200 in 6ms (next.js: 2ms, application-code: 4ms)
 POST /api/enrich 400 in 5ms (next.js: 1712µs, application-code: 3ms)
 POST /api/deep-enrich 400 in 8ms (next.js: 1872µs, application-code: 6ms)
 POST /api/deep-enrich 200 in 11ms (next.js: 1994µs, application-code: 9ms)
 GET /api/health 200 in 8ms (next.js: 5ms, application-code: 3ms)
 GET /api/leads 200 in 12ms (next.js: 1772µs, application-code: 10ms)
 GET /api/ping 200 in 4ms (next.js: 1415µs, application-code: 3ms)
 GET /api/leads?limit=10&offset=0 200 in 11ms (next.js: 1909µs, application-code: 9ms)
 GET /api/leads 200 in 10ms (next.js: 1463µs, application-code: 8ms)
 GET /api/leads?limit=invalid 200 in 14ms (next.js: 1986µs, application-code: 12ms)
 GET /api/leads?limit=5 200 in 10ms (next.js: 2ms, application-code: 8ms)
 DELETE /api/leads 400 in 5ms (next.js: 1924µs, application-code: 3ms)
 GET /api/leads?limit=1000 200 in 13ms (next.js: 2ms, application-code: 11ms)
 POST /api/search 400 in 5ms (next.js: 2ms, application-code: 3ms)
 DELETE /api/leads 400 in 4ms (next.js: 1881µs, application-code: 2ms)
[maps] Attempt 1/3: Searching "restaurant" in "Jakarta" 
 DELETE /api/leads?id=999999 200 in 15ms (next.js: 1620µs, application-code: 14ms)
[maps] Navigating to: https://www.google.com/maps/search/restaurant%20Jakarta 
[maps] Found 5 businesses 
 POST /api/search 200 in 8.2s (next.js: 1452µs, application-code: 8.2s)
 GET /api/export?format=csv 200 in 11ms (next.js: 2ms, application-code: 8ms)
 POST /api/score 200 in 6ms (next.js: 2ms, application-code: 4ms)
 POST /api/enrich 400 in 5ms (next.js: 1627µs, application-code: 4ms)
 POST /api/deep-enrich 400 in 9ms (next.js: 2ms, application-code: 6ms)
 POST /api/deep-enrich 200 in 11ms (next.js: 1948µs, application-code: 9ms)
 GET / 307 in 327ms (next.js: 127ms, application-code: 200ms)
 GET /dashboard 200 in 106ms (next.js: 38ms, application-code: 67ms)
 GET /api/leads 200 in 28ms (next.js: 2ms, application-code: 26ms)
 GET /dashboard 200 in 50ms (next.js: 3ms, application-code: 47ms)
 GET /api/leads?limit=500 200 in 27ms (next.js: 1973µs, application-code: 25ms)
 GET /api/leads 200 in 22ms (next.js: 1599µs, application-code: 20ms)

C:\news-pro\x-tools-inteligent>